TN:
SF:src/index.ts
FN:86,(anonymous_10)
FN:127,(anonymous_11)
FN:168,(anonymous_12)
FN:204,(anonymous_13)
FN:264,(anonymous_14)
FN:312,(anonymous_15)
FN:334,(anonymous_16)
FN:379,createClient
FNF:8
FNH:8
FNDA:17,(anonymous_10)
FNDA:33,(anonymous_11)
FNDA:13,(anonymous_12)
FNDA:10,(anonymous_13)
FNDA:7,(anonymous_14)
FNDA:3,(anonymous_15)
FNDA:11,(anonymous_16)
FNDA:2,createClient
DA:1,1
DA:2,1
DA:5,1
DA:75,1
DA:91,17
DA:92,17
DA:93,17
DA:94,17
DA:95,17
DA:115,1
DA:129,33
DA:132,33
DA:133,2
DA:134,2
DA:135,2
DA:137,31
DA:138,31
DA:139,31
DA:142,33
DA:143,2
DA:146,31
DA:169,13
DA:170,13
DA:177,4
DA:179,9
DA:209,10
DA:211,1
DA:214,4
DA:220,1
DA:226,3
DA:227,1
DA:229,2
DA:232,2
DA:239,1
DA:240,1
DA:267,7
DA:268,7
DA:277,4
DA:279,3
DA:282,3
DA:283,2
DA:289,1
DA:317,3
DA:319,3
DA:322,2
DA:325,2
DA:327,1
DA:335,11
DA:337,11
DA:338,6
DA:339,6
DA:340,6
DA:342,6
DA:349,5
DA:350,2
DA:356,3
DA:379,1
DA:383,2
DA:387,1
LF:59
LH:59
BRDA:132,0,0,2
BRDA:132,0,1,31
BRDA:135,1,0,2
BRDA:135,1,1,1
BRDA:139,2,0,31
BRDA:139,2,1,4
BRDA:142,3,0,2
BRDA:142,4,0,33
BRDA:142,4,1,32
BRDA:168,5,0,9
BRDA:173,6,0,13
BRDA:173,6,1,9
BRDA:206,7,0,1
BRDA:209,8,0,1
BRDA:209,8,1,4
BRDA:209,8,2,1
BRDA:209,8,3,3
BRDA:209,8,4,1
BRDA:226,9,0,1
BRDA:229,10,0,1
BRDA:229,10,1,1
BRDA:282,11,0,2
BRDA:282,12,0,3
BRDA:282,12,1,2
BRDA:285,13,0,2
BRDA:285,13,1,1
BRDA:313,14,0,2
BRDA:314,15,0,2
BRDA:337,16,0,6
BRDA:340,17,0,6
BRDA:340,17,1,3
BRDA:340,17,2,2
BRDA:343,18,0,6
BRDA:343,18,1,1
BRDA:349,19,0,2
BRDA:357,20,0,3
BRDA:357,20,1,1
BRF:37
BRH:37
end_of_record
